<?xml version="1.0" encoding="UTF-8"?>
<!-- Generated by org.testng.reporters.JUnitReportReporter -->
<testsuite hostname="LIN41005541" failures="0" tests="3" name="testrunner.TestRunner_ProductListPage1" time="57.551" errors="0" timestamp="2023-06-07T00:28:19 IST" skipped="0">
  <testcase classname="testrunner.TestRunner_ProductListPage1" name="runScenario" time="19.333"/>
  <system-out/>
  <testcase classname="testrunner.TestRunner_ProductListPage1" name="runScenario" time="18.976"/>
  <system-out/>
  <testcase classname="testrunner.TestRunner_ProductListPage1" name="runScenario" time="19.242"/>
  <system-out/>
</testsuite> <!-- testrunner.TestRunner_ProductListPage1 -->
