<?xml version="1.0" encoding="UTF-8"?>
<!-- Generated by org.testng.reporters.JUnitReportReporter -->
<testsuite hostname="LIN41005541" failures="0" tests="4" name="testrunner.TestRunner_ProductListPage2" time="79.008" errors="0" timestamp="2023-06-08T17:24:33 IST" skipped="0">
  <testcase classname="testrunner.TestRunner_ProductListPage2" name="runScenario" time="11.730"/>
  <system-out/>
  <testcase classname="testrunner.TestRunner_ProductListPage2" name="runScenario" time="19.046"/>
  <system-out/>
  <testcase classname="testrunner.TestRunner_ProductListPage2" name="runScenario" time="12.418"/>
  <system-out/>
  <testcase classname="testrunner.TestRunner_ProductListPage2" name="runScenario" time="35.814"/>
  <system-out/>
</testsuite> <!-- testrunner.TestRunner_ProductListPage2 -->
