<?xml version="1.0" encoding="UTF-8"?>
<!-- Generated by org.testng.reporters.JUnitReportReporter -->
<testsuite hostname="LIN41005541" failures="0" tests="3" name="testrunner.TestRunner_ProductListPage1" time="247.000" errors="0" timestamp="2023-06-08T15:41:16 IST" skipped="0">
  <testcase classname="testrunner.TestRunner_ProductListPage1" name="runScenario" time="89.583"/>
  <system-out/>
  <testcase classname="testrunner.TestRunner_ProductListPage1" name="runScenario" time="82.044"/>
  <system-out/>
  <testcase classname="testrunner.TestRunner_ProductListPage1" name="runScenario" time="75.373"/>
  <system-out/>
</testsuite> <!-- testrunner.TestRunner_ProductListPage1 -->
